This is pdfTeX, Version 3.14159-1.10b (Web2C 7.4.5) (format=pdflatex 2004.11.4)  13 FEB 2005 14:59
**refman.tex
(./refman.tex{/usr/share/texmf/pdftex/config/pdftex.cfg}
LaTeX2e <2001/06/01>
Babel <v3.7h> and hyphenation patterns for american, french, german, ngerman, n
ohyphenation, loaded.

(/usr/share/texmf/tex/latex/base/book.cls
Document Class: book 2001/04/21 v1.4e Standard LaTeX document class
(/usr/share/texmf/tex/latex/base/bk10.clo
File: bk10.clo 2001/04/21 v1.4e Standard LaTeX file (size option)
)
\c@part=\count79
\c@chapter=\count80
\c@section=\count81
\c@subsection=\count82
\c@subsubsection=\count83
\c@paragraph=\count84
\c@subparagraph=\count85
\c@figure=\count86
\c@table=\count87
\abovecaptionskip=\skip41
\belowcaptionskip=\skip42
\bibindent=\dimen102
) (/usr/share/texmf/tex/latex/misc/a4wide.sty
Package: a4wide 1994/08/30
(/usr/share/texmf/tex/latex/ntgclass/a4.sty
Package: a4 1999/03/03 v1.2f A4 based page layout
)) (/usr/share/texmf/tex/latex/base/makeidx.sty
Package: makeidx 2000/03/29 v1.0m Standard LaTeX package
) (/usr/share/texmf/tex/latex/fancyhdr/fancyhdr.sty
\headwidth=\dimen103
) (/usr/share/texmf/tex/latex/graphics/graphicx.sty
Package: graphicx 1999/02/16 v1.0f Enhanced LaTeX Graphics (DPC,SPQR)
(/usr/share/texmf/tex/latex/graphics/keyval.sty
Package: keyval 1999/03/16 v1.13 key=value parser (DPC)
\KV@toks@=\toks14
) (/usr/share/texmf/tex/latex/graphics/graphics.sty
Package: graphics 2001/07/07 v1.0n Standard LaTeX Graphics (DPC,SPQR)
(/usr/share/texmf/tex/latex/graphics/trig.sty
Package: trig 1999/03/16 v1.09 sin cos tan (DPC)
) (/usr/share/texmf/tex/latex/config/graphics.cfg
File: graphics.cfg 2001/08/31 v1.1 graphics configuration of teTeX/TeXLive
)
Package graphics Info: Driver file: pdftex.def on input line 80.
(/usr/share/texmf/tex/latex/graphics/pdftex.def
File: pdftex.def 2002/06/19 v0.03k graphics/color for pdftex
\Gread@gobject=\count88
))
\Gin@req@height=\dimen104
\Gin@req@width=\dimen105
) (/usr/share/texmf/tex/latex/tools/multicol.sty
Package: multicol 2000/07/10 v1.5z multicolumn formatting (FMi)
\c@tracingmulticols=\count89
\mult@box=\box26
\multicol@leftmargin=\dimen106
\c@unbalance=\count90
\c@collectmore=\count91
\doublecol@number=\count92
\multicoltolerance=\count93
\multicolpretolerance=\count94
\full@width=\dimen107
\page@free=\dimen108
\premulticols=\dimen109
\postmulticols=\dimen110
\multicolsep=\skip43
\multicolbaselineskip=\skip44
\partial@page=\box27
\last@line=\box28
\mult@rightbox=\box29
\mult@grightbox=\box30
\mult@gfirstbox=\box31
\mult@firstbox=\box32
\@tempa=\box33
\@tempa=\box34
\@tempa=\box35
\@tempa=\box36
\@tempa=\box37
\@tempa=\box38
\@tempa=\box39
\@tempa=\box40
\@tempa=\box41
\@tempa=\box42
\@tempa=\box43
\@tempa=\box44
\@tempa=\box45
\@tempa=\box46
\@tempa=\box47
\@tempa=\box48
\@tempa=\box49
\c@columnbadness=\count95
\c@finalcolumnbadness=\count96
\last@try=\dimen111
\multicolovershoot=\dimen112
\multicolundershoot=\dimen113
\mult@nat@firstbox=\box50
\colbreak@box=\box51
) (/usr/share/texmf/tex/latex/misc/float.sty
Package: float 2001/11/08 v1.3d Float enhancements (AL)
\c@float@type=\count97
\float@exts=\toks15
\float@box=\box52
\@float@everytoks=\toks16
\@floatcapt=\box53
) (/usr/share/texmf/tex/latex/base/textcomp.sty
Package: textcomp 2001/06/05 v1.94 Standard LaTeX package
(/usr/share/texmf/tex/latex/base/ts1enc.def
File: ts1enc.def 2001/06/05 v3.0e (jk/car/fm) Standard LaTeX file
)) (/usr/share/texmf/tex/latex/base/alltt.sty
Package: alltt 1997/06/16 v2.0g defines alltt environment
) (./doxygen.sty
Package: doxygen 
(/usr/share/texmf/tex/latex/tools/calc.sty
Package: calc 1998/07/07 v4.1b Infix arithmetic (KKT,FJ)
\calc@Acount=\count98
\calc@Bcount=\count99
\calc@Adimen=\dimen114
\calc@Bdimen=\dimen115
\calc@Askip=\skip45
\calc@Bskip=\skip46
LaTeX Info: Redefining \setlength on input line 59.
LaTeX Info: Redefining \addtolength on input line 60.
\calc@denominator=\count100
) (/usr/share/texmf/tex/latex/tools/array.sty
Package: array 1998/05/13 v2.3m Tabular extension package (FMi)
\col@sep=\dimen116
\extrarowheight=\dimen117
\NC@list=\toks17
\extratabsurround=\skip47
\backup@length=\skip48
)
\tmplength=\skip49
) (/usr/share/texmf/tex/latex/base/fontenc.sty
Package: fontenc 2001/06/05 v1.94 Standard LaTeX package
(/usr/share/texmf/tex/latex/base/t1enc.def
File: t1enc.def 2001/06/05 v1.94 Standard LaTeX file
LaTeX Font Info:    Redeclaring font encoding T1 on input line 38.
))
\@indexfile=\write3
\openout3 = `refman.idx'.

Writing index file refman.idx
(./refman.aux)
\openout1 = `refman.aux'.

LaTeX Font Info:    Checking defaults for OML/cmm/m/it on input line 15.
LaTeX Font Info:    ... okay on input line 15.
LaTeX Font Info:    Checking defaults for T1/cmr/m/n on input line 15.
LaTeX Font Info:    ... okay on input line 15.
LaTeX Font Info:    Checking defaults for OT1/cmr/m/n on input line 15.
LaTeX Font Info:    ... okay on input line 15.
LaTeX Font Info:    Checking defaults for OMS/cmsy/m/n on input line 15.
LaTeX Font Info:    ... okay on input line 15.
LaTeX Font Info:    Checking defaults for OMX/cmex/m/n on input line 15.
LaTeX Font Info:    ... okay on input line 15.
LaTeX Font Info:    Checking defaults for U/cmr/m/n on input line 15.
LaTeX Font Info:    ... okay on input line 15.
LaTeX Font Info:    Checking defaults for TS1/cmr/m/n on input line 15.
LaTeX Font Info:    Try loading font information for TS1+cmr on input line 15.
(/usr/share/texmf/tex/latex/base/ts1cmr.fd
File: ts1cmr.fd 1999/05/25 v2.5h Standard LaTeX font definitions
)
LaTeX Font Info:    ... okay on input line 15.
(/usr/share/texmf/tex/context/base/supp-pdf.tex (/usr/share/texmf/tex/context/b
ase/supp-mis.tex
loading : Context Support Macros / Missing
\protectiondepth=\count101
\scratchcounter=\count102
\scratchtoks=\toks18
\scratchdimen=\dimen118
\scratchskip=\skip50
\scratchmuskip=\muskip10
\scratchbox=\box54
\scratchread=\read1
\scratchwrite=\write4
\zeropoint=\dimen119
\minusone=\count103
\thousandpoint=\dimen120
\emptytoks=\toks19
\nextbox=\box55
\nextdepth=\dimen121
\everyline=\toks20
\!!counta=\count104
\!!countb=\count105
\recursecounter=\count106
)
loading : Context Support Macros / PDF
\nofMPsegments=\count107
\nofMParguments=\count108
\everyMPtoPDFconversion=\toks21
) [1


{/usr/share/texmf/dvips/config/pdftex.map}] [2

] (./refman.toc
LaTeX Font Info:    External font `cmex10' loaded for size
(Font)              <7> on input line 2.
LaTeX Font Info:    External font `cmex10' loaded for size
(Font)              <5> on input line 2.
)
\tf@toc=\write5
\openout5 = `refman.toc'.

[1

] [2

]
Chapter 1.
(./files.tex

LaTeX Warning: Reference `dfsch_8c' on page 1 undefined on input line 3.


LaTeX Warning: Reference `repl_8c' on page 1 undefined on input line 5.

) [1

] [2

]
Chapter 2.
(./dfsch_8h.tex <dfsch_8h__dep__incl.pdf, id=29, 96.36pt x 86.3225pt>
File: dfsch_8h__dep__incl.pdf Graphic file (type pdf)
<use dfsch_8h__dep__incl.pdf> [3 <./dfsch_8h__dep__incl.pdf>]
Underfull \hbox (badness 5316) in paragraph at lines 94--96
[]/ecbx1000/dfsch_-object_-t $/cmsy10/^^C$ /ecbx1000/dfsch_-make_-exception /ec
rm1000/(/ecbx1000/dfsch_-object_-t $/cmsy10/^^C$/ecrm1000/type, /ecbx1000/dfsch
_-
 []

[4]
LaTeX Font Info:    Try loading font information for T1+cmtt on input line 149.

(/usr/share/texmf/tex/latex/base/t1cmtt.fd
File: t1cmtt.fd 1999/05/25 v2.5h Standard LaTeX font definitions
) [5] [6] [7]) (./refman.ind [8] [9

] [10

]) (./refman.aux)

LaTeX Warning: There were undefined references.

 ) 
Here is how much of TeX's memory you used:
 1996 strings out of 95437
 25232 string characters out of 1190233
 72669 words of memory out of 1000001
 4973 multiletter control sequences out of 10000+50000
 14253 words of font info for 29 fonts, out of 500000 for 1000
 14 hyphenation exceptions out of 1000
 29i,11n,43p,468b,418s stack positions out of 1500i,500n,5000p,200000b,5000s
 69 PDF objects out of 300000
 0 named destinations out of 131072
 5 words of extra memory for PDF output out of 65536
 </var/cache/fonts/pk/ljfour/jknappen/ec/ectt1000.600pk> </var/cache/fonts/pk
/ljfour/jknappen/ec/ecbi1000.600pk>{/usr/share/texmf/dvips/tetex/bbad153f.enc}<
/usr/share/texmf/fonts/type1/bluesky/cm/cmsy10.pfb> </var/cache/fonts/pk/ljfour
/jknappen/tc/tcrm1000.600pk> </var/cache/fonts/pk/ljfour/jknappen/ec/ecbx1200.6
00pk> </var/cache/fonts/pk/ljfour/jknappen/ec/ecbx0700.600pk> </var/cache/fonts
/pk/ljfour/jknappen/ec/ecbx1440.600pk> </var/cache/fonts/pk/ljfour/jknappen/ec/
ecbx2074.600pk> </var/cache/fonts/pk/ljfour/jknappen/ec/ecrm1000.600pk> </var/c
ache/fonts/pk/ljfour/jknappen/ec/ecbx1000.600pk> </var/cache/fonts/pk/ljfour/jk
nappen/ec/ecbx2488.600pk> </var/cache/fonts/pk/ljfour/jknappen/ec/ecrm0900.600p
k> </var/cache/fonts/pk/ljfour/jknappen/ec/ecrm1200.600pk> </var/cache/fonts/pk
/ljfour/jknappen/ec/ecrm1440.600pk>
Output written on refman.pdf (14 pages, 133624 bytes).
